# JRE version: OpenJDK Runtime Environment 18.9 (11.0.11+9) (build 11.0.11+9)
# Java VM: OpenJDK 64-Bit Server VM 18.9 (11.0.11+9, mixed mode, tiered, compressed oops, g1 gc, windows-amd64)
Heap:
 garbage-first heap   total 262144K, used 108298K [0x0000000740000000, 0x0000000800000000)
  region size 1024K, 6 young (6144K), 0 survivors (0K)
 Metaspace       used 102162K, capacity 104422K, committed 104752K, reserved 1138688K
  class space    used 13611K, capacity 14608K, committed 14720K, reserved 1048576K
GC Heap History (20 events):
Event: 6397.879 GC heap before
{Heap before GC invocations=234 (full 50):
 garbage-first heap   total 262144K, used 161176K [0x0000000740000000, 0x0000000800000000)
  region size 1024K, 60 young (61440K), 4 survivors (4096K)
 Metaspace       used 102102K, capacity 104346K, committed 104496K, reserved 1138688K
  class space    used 13609K, capacity 14605K, committed 14720K, reserved 1048576K
}
Event: 6397.883 GC heap after
{Heap after GC invocations=235 (full 50):
 garbage-first heap   total 262144K, used 105846K [0x0000000740000000, 0x0000000800000000)
  region size 1024K, 6 young (6144K), 6 survivors (6144K)
 Metaspace       used 102102K, capacity 104346K, committed 104496K, reserved 1138688K
  class space    used 13609K, capacity 14605K, committed 14720K, reserved 1048576K
}
Event: 6397.988 GC heap before
{Heap before GC invocations=235 (full 50):
 garbage-first heap   total 262144K, used 126326K [0x0000000740000000, 0x0000000800000000)
  region size 1024K, 16 young (16384K), 6 survivors (6144K)
 Metaspace       used 102122K, capacity 104358K, committed 104496K, reserved 1138688K
  class space    used 13611K, capacity 14608K, committed 14720K, reserved 1048576K
}
Event: 6398.052 GC heap after
{Heap after GC invocations=236 (full 51):
 garbage-first heap   total 262144K, used 102622K [0x0000000740000000, 0x0000000800000000)
  region size 1024K, 0 young (0K), 0 survivors (0K)
 Metaspace       used 102122K, capacity 104358K, committed 104496K, reserved 1138688K
  class space    used 13611K, capacity 14608K, committed 14720K, reserved 1048576K
}
Event: 6398.721 GC heap before
{Heap before GC invocations=236 (full 51):
 garbage-first heap   total 262144K, used 111838K [0x0000000740000000, 0x0000000800000000)
  region size 1024K, 10 young (10240K), 0 survivors (0K)
 Metaspace       used 102133K, capacity 104358K, committed 104496K, reserved 1138688K
  class space    used 13611K, capacity 14608K, committed 14720K, reserved 1048576K
}
Event: 6398.785 GC heap after
{Heap after GC invocations=237 (full 52):
 garbage-first heap   total 262144K, used 102382K [0x0000000740000000, 0x0000000800000000)
  region size 1024K, 0 young (0K), 0 survivors (0K)
 Metaspace       used 102133K, capacity 104358K, committed 104496K, reserved 1138688K
  class space    used 13611K, capacity 14608K, committed 14720K, reserved 1048576K
}
Event: 6401.675 GC heap before
{Heap before GC invocations=237 (full 52):
 garbage-first heap   total 262144K, used 143342K [0x0000000740000000, 0x0000000800000000)
  region size 1024K, 31 young (31744K), 0 survivors (0K)
 Metaspace       used 102135K, capacity 104422K, committed 104752K, reserved 1138688K
  class space    used 13611K, capacity 14608K, committed 14720K, reserved 1048576K
}
Event: 6401.677 GC heap after
{Heap after GC invocations=238 (full 52):
 garbage-first heap   total 262144K, used 113646K [0x0000000740000000, 0x0000000800000000)
  region size 1024K, 1 young (1024K), 1 survivors (1024K)
 Metaspace       used 102135K, capacity 104422K, committed 104752K, reserved 1138688K
  class space    used 13611K, capacity 14608K, committed 14720K, reserved 1048576K
}
Event: 6401.688 GC heap before
{Heap before GC invocations=238 (full 52):
 garbage-first heap   total 262144K, used 118766K [0x0000000740000000, 0x0000000800000000)
  region size 1024K, 2 young (2048K), 1 survivors (1024K)
 Metaspace       used 102135K, capacity 104422K, committed 104752K, reserved 1138688K
  class space    used 13611K, capacity 14608K, committed 14720K, reserved 1048576K
}
Event: 6401.751 GC heap after
{Heap after GC invocations=239 (full 53):
 garbage-first heap   total 262144K, used 104669K [0x0000000740000000, 0x0000000800000000)
  region size 1024K, 0 young (0K), 0 survivors (0K)
 Metaspace       used 102135K, capacity 104422K, committed 104752K, reserved 1138688K
  class space    used 13611K, capacity 14608K, committed 14720K, reserved 1048576K
}
Event: 6403.214 GC heap before
{Heap before GC invocations=239 (full 53):
 garbage-first heap   total 262144K, used 112861K [0x0000000740000000, 0x0000000800000000)
  region size 1024K, 9 young (9216K), 0 survivors (0K)
 Metaspace       used 102136K, capacity 104422K, committed 104752K, reserved 1138688K
  class space    used 13611K, capacity 14608K, committed 14720K, reserved 1048576K
}
Event: 6403.278 GC heap after
{Heap after GC invocations=240 (full 54):
 garbage-first heap   total 262144K, used 104723K [0x0000000740000000, 0x0000000800000000)
  region size 1024K, 0 young (0K), 0 survivors (0K)
 Metaspace       used 102136K, capacity 104422K, committed 104752K, reserved 1138688K
  class space    used 13611K, capacity 14608K, committed 14720K, reserved 1048576K
}
Event: 6413.178 GC heap before
{Heap before GC invocations=240 (full 54):
 garbage-first heap   total 262144K, used 128275K [0x0000000740000000, 0x0000000800000000)
  region size 1024K, 24 young (24576K), 0 survivors (0K)
 Metaspace       used 102147K, capacity 104422K, committed 104752K, reserved 1138688K
  class space    used 13611K, capacity 14608K, committed 14720K, reserved 1048576K
}
Event: 6413.248 GC heap after
{Heap after GC invocations=241 (full 55):
 garbage-first heap   total 262144K, used 104826K [0x0000000740000000, 0x0000000800000000)
  region size 1024K, 0 young (0K), 0 survivors (0K)
 Metaspace       used 102147K, capacity 104422K, committed 104752K, reserved 1138688K
  class space    used 13611K, capacity 14608K, committed 14720K, reserved 1048576K
}
Event: 6420.393 GC heap before
{Heap before GC invocations=241 (full 55):
 garbage-first heap   total 262144K, used 119162K [0x0000000740000000, 0x0000000800000000)
  region size 1024K, 15 young (15360K), 0 survivors (0K)
 Metaspace       used 102147K, capacity 104422K, committed 104752K, reserved 1138688K
  class space    used 13611K, capacity 14608K, committed 14720K, reserved 1048576K
}
Event: 6420.458 GC heap after
{Heap after GC invocations=242 (full 56):
 garbage-first heap   total 262144K, used 104823K [0x0000000740000000, 0x0000000800000000)
  region size 1024K, 0 young (0K), 0 survivors (0K)
 Metaspace       used 102147K, capacity 104422K, committed 104752K, reserved 1138688K
  class space    used 13611K, capacity 14608K, committed 14720K, reserved 1048576K
}
Event: 6426.043 GC heap before
{Heap before GC invocations=242 (full 56):
 garbage-first heap   total 262144K, used 131447K [0x0000000740000000, 0x0000000800000000)
  region size 1024K, 17 young (17408K), 0 survivors (0K)
 Metaspace       used 102154K, capacity 104422K, committed 104752K, reserved 1138688K
  class space    used 13611K, capacity 14608K, committed 14720K, reserved 1048576K
}
Event: 6426.108 GC heap after
{Heap after GC invocations=243 (full 57):
 garbage-first heap   total 262144K, used 103104K [0x0000000740000000, 0x0000000800000000)
  region size 1024K, 0 young (0K), 0 survivors (0K)
 Metaspace       used 102154K, capacity 104422K, committed 104752K, reserved 1138688K
  class space    used 13611K, capacity 14608K, committed 14720K, reserved 1048576K
}
Event: 6433.660 GC heap before
{Heap before GC invocations=243 (full 57):
 garbage-first heap   total 262144K, used 134848K [0x0000000740000000, 0x0000000800000000)
  region size 1024K, 24 young (24576K), 0 survivors (0K)
 Metaspace       used 102157K, capacity 104422K, committed 104752K, reserved 1138688K
  class space    used 13611K, capacity 14608K, committed 14720K, reserved 1048576K
}
Event: 6433.726 GC heap after
{Heap after GC invocations=244 (full 58):
 garbage-first heap   total 262144K, used 103178K [0x0000000740000000, 0x0000000800000000)
  region size 1024K, 0 young (0K), 0 survivors (0K)
 Metaspace       used 102157K, capacity 104422K, committed 104752K, reserved 1138688K
  class space    used 13611K, capacity 14608K, committed 14720K, reserved 1048576K
}

