# JRE version: OpenJDK Runtime Environment 18.9 (11.0.11+9) (build 11.0.11+9)
# Java VM: OpenJDK 64-Bit Server VM 18.9 (11.0.11+9, mixed mode, tiered, compressed oops, g1 gc, windows-amd64)
Heap:
 garbage-first heap   total 262144K, used 76418K [0x0000000740000000, 0x0000000800000000)
  region size 1024K, 5 young (5120K), 1 survivors (1024K)
 Metaspace       used 87509K, capacity 88977K, committed 90476K, reserved 1128448K
  class space    used 11076K, capacity 11722K, committed 12224K, reserved 1048576K
GC Heap History (20 events):
Event: 7108.566 GC heap before
{Heap before GC invocations=98 (full 16):
 garbage-first heap   total 262144K, used 130565K [0x0000000740000000, 0x0000000800000000)
  region size 1024K, 60 young (61440K), 1 survivors (1024K)
 Metaspace       used 86220K, capacity 87370K, committed 89708K, reserved 1126400K
  class space    used 10862K, capacity 11353K, committed 12224K, reserved 1048576K
}
Event: 7108.568 GC heap after
{Heap after GC invocations=99 (full 16):
 garbage-first heap   total 262144K, used 72136K [0x0000000740000000, 0x0000000800000000)
  region size 1024K, 3 young (3072K), 3 survivors (3072K)
 Metaspace       used 86220K, capacity 87370K, committed 89708K, reserved 1126400K
  class space    used 10862K, capacity 11353K, committed 12224K, reserved 1048576K
}
Event: 7112.246 GC heap before
{Heap before GC invocations=99 (full 16):
 garbage-first heap   total 262144K, used 130504K [0x0000000740000000, 0x0000000800000000)
  region size 1024K, 60 young (61440K), 3 survivors (3072K)
 Metaspace       used 86326K, capacity 87434K, committed 89964K, reserved 1126400K
  class space    used 10862K, capacity 11353K, committed 12224K, reserved 1048576K
}
Event: 7112.250 GC heap after
{Heap after GC invocations=100 (full 16):
 garbage-first heap   total 262144K, used 74880K [0x0000000740000000, 0x0000000800000000)
  region size 1024K, 6 young (6144K), 6 survivors (6144K)
 Metaspace       used 86326K, capacity 87434K, committed 89964K, reserved 1126400K
  class space    used 10862K, capacity 11353K, committed 12224K, reserved 1048576K
}
Event: 7112.424 GC heap before
{Heap before GC invocations=100 (full 16):
 garbage-first heap   total 262144K, used 100480K [0x0000000740000000, 0x0000000800000000)
  region size 1024K, 24 young (24576K), 6 survivors (6144K)
 Metaspace       used 86406K, capacity 87516K, committed 89964K, reserved 1126400K
  class space    used 10864K, capacity 11357K, committed 12224K, reserved 1048576K
}
Event: 7112.473 GC heap after
{Heap after GC invocations=101 (full 17):
 garbage-first heap   total 262144K, used 72024K [0x0000000740000000, 0x0000000800000000)
  region size 1024K, 0 young (0K), 0 survivors (0K)
 Metaspace       used 86406K, capacity 87516K, committed 89964K, reserved 1126400K
  class space    used 10864K, capacity 11357K, committed 12224K, reserved 1048576K
}
Event: 7113.088 GC heap before
{Heap before GC invocations=101 (full 17):
 garbage-first heap   total 262144K, used 111960K [0x0000000740000000, 0x0000000800000000)
  region size 1024K, 37 young (37888K), 0 survivors (0K)
 Metaspace       used 86463K, capacity 87644K, committed 89964K, reserved 1126400K
  class space    used 10865K, capacity 11357K, committed 12224K, reserved 1048576K
}
Event: 7113.137 GC heap after
{Heap after GC invocations=102 (full 18):
 garbage-first heap   total 262144K, used 71914K [0x0000000740000000, 0x0000000800000000)
  region size 1024K, 0 young (0K), 0 survivors (0K)
 Metaspace       used 86463K, capacity 87644K, committed 89964K, reserved 1126400K
  class space    used 10865K, capacity 11357K, committed 12224K, reserved 1048576K
}
Event: 7115.539 GC heap before
{Heap before GC invocations=102 (full 18):
 garbage-first heap   total 262144K, used 111850K [0x0000000740000000, 0x0000000800000000)
  region size 1024K, 25 young (25600K), 0 survivors (0K)
 Metaspace       used 86545K, capacity 87708K, committed 90220K, reserved 1128448K
  class space    used 10865K, capacity 11357K, committed 12224K, reserved 1048576K
}
Event: 7115.587 GC heap after
{Heap after GC invocations=103 (full 19):
 garbage-first heap   total 262144K, used 72712K [0x0000000740000000, 0x0000000800000000)
  region size 1024K, 0 young (0K), 0 survivors (0K)
 Metaspace       used 86545K, capacity 87708K, committed 90220K, reserved 1128448K
  class space    used 10865K, capacity 11357K, committed 12224K, reserved 1048576K
}
Event: 7119.961 GC heap before
{Heap before GC invocations=103 (full 19):
 garbage-first heap   total 262144K, used 94216K [0x0000000740000000, 0x0000000800000000)
  region size 1024K, 16 young (16384K), 0 survivors (0K)
 Metaspace       used 86598K, capacity 87790K, committed 90220K, reserved 1128448K
  class space    used 10876K, capacity 11405K, committed 12224K, reserved 1048576K
}
Event: 7119.962 GC heap after
{Heap after GC invocations=104 (full 19):
 garbage-first heap   total 262144K, used 79799K [0x0000000740000000, 0x0000000800000000)
  region size 1024K, 1 young (1024K), 1 survivors (1024K)
 Metaspace       used 86598K, capacity 87790K, committed 90220K, reserved 1128448K
  class space    used 10876K, capacity 11405K, committed 12224K, reserved 1048576K
}
Event: 7126.766 GC heap before
{Heap before GC invocations=104 (full 19):
 garbage-first heap   total 262144K, used 117687K [0x0000000740000000, 0x0000000800000000)
  region size 1024K, 27 young (27648K), 1 survivors (1024K)
 Metaspace       used 87075K, capacity 88355K, committed 90220K, reserved 1128448K
  class space    used 10991K, capacity 11558K, committed 12224K, reserved 1048576K
}
Event: 7126.767 GC heap after
{Heap after GC invocations=105 (full 19):
 garbage-first heap   total 262144K, used 86140K [0x0000000740000000, 0x0000000800000000)
  region size 1024K, 2 young (2048K), 2 survivors (2048K)
 Metaspace       used 87075K, capacity 88355K, committed 90220K, reserved 1128448K
  class space    used 10991K, capacity 11558K, committed 12224K, reserved 1048576K
}
Event: 7133.791 GC heap before
{Heap before GC invocations=105 (full 19):
 garbage-first heap   total 262144K, used 106620K [0x0000000740000000, 0x0000000800000000)
  region size 1024K, 23 young (23552K), 2 survivors (2048K)
 Metaspace       used 87086K, capacity 88419K, committed 90476K, reserved 1128448K
  class space    used 10991K, capacity 11558K, committed 12224K, reserved 1048576K
}
Event: 7133.839 GC heap after
{Heap after GC invocations=106 (full 20):
 garbage-first heap   total 262144K, used 72405K [0x0000000740000000, 0x0000000800000000)
  region size 1024K, 0 young (0K), 0 survivors (0K)
 Metaspace       used 87086K, capacity 88419K, committed 90476K, reserved 1128448K
  class space    used 10991K, capacity 11558K, committed 12224K, reserved 1048576K
}
Event: 7135.428 GC heap before
{Heap before GC invocations=106 (full 20):
 garbage-first heap   total 262144K, used 78549K [0x0000000740000000, 0x0000000800000000)
  region size 1024K, 7 young (7168K), 0 survivors (0K)
 Metaspace       used 87086K, capacity 88419K, committed 90476K, reserved 1128448K
  class space    used 10991K, capacity 11558K, committed 12224K, reserved 1048576K
}
Event: 7135.475 GC heap after
{Heap after GC invocations=107 (full 21):
 garbage-first heap   total 262144K, used 72393K [0x0000000740000000, 0x0000000800000000)
  region size 1024K, 0 young (0K), 0 survivors (0K)
 Metaspace       used 87086K, capacity 88419K, committed 90476K, reserved 1128448K
  class space    used 10991K, capacity 11558K, committed 12224K, reserved 1048576K
}
Event: 7176.984 GC heap before
{Heap before GC invocations=107 (full 21):
 garbage-first heap   total 262144K, used 133833K [0x0000000740000000, 0x0000000800000000)
  region size 1024K, 60 young (61440K), 0 survivors (0K)
 Metaspace       used 87498K, capacity 88913K, committed 90476K, reserved 1128448K
  class space    used 11076K, capacity 11722K, committed 12224K, reserved 1048576K
}
Event: 7176.985 GC heap after
{Heap after GC invocations=108 (full 21):
 garbage-first heap   total 262144K, used 73346K [0x0000000740000000, 0x0000000800000000)
  region size 1024K, 1 young (1024K), 1 survivors (1024K)
 Metaspace       used 87498K, capacity 88913K, committed 90476K, reserved 1128448K
  class space    used 11076K, capacity 11722K, committed 12224K, reserved 1048576K
}

